(Mon Aug.09.2021) (20:27:27) - [DEBUG] - (1) - Thread START
(Mon Aug.09.2021) (20:27:49) - [DEBUG] - (1) - Day: tsla price 715.46 HIGHER (703.25)
(Mon Aug.09.2021) (20:27:49) - [DEBUG] - (1) - Week: tsla price 715.46 HIGHER (707.09)
(Mon Aug.09.2021) (20:28:00) - [DEBUG] - (1) - Day: intc price 54.07 HIGHER (53.97)
(Mon Aug.09.2021) (20:28:00) - [DEBUG] - (1) - Week: intc price 54.07 HIGHER (54.06)
(Mon Aug.09.2021) (20:28:11) - [DEBUG] - (1) - Day: fb price 362.02 LOWER (363.08)
(Mon Aug.09.2021) (20:28:34) - [DEBUG] - (1) - Day: nclh price 24.44 LOWER (24.71)
(Mon Aug.09.2021) (20:28:45) - [DEBUG] - (1) - Day: shlx price 12.42 HIGHER (12.41)
(Mon Aug.09.2021) (20:28:56) - [DEBUG] - (1) - Day: t price 27.89 LOWER (27.92)
(Mon Aug.09.2021) (20:29:08) - [DEBUG] - (1) - Day: ebay price 65.08 LOWER (65.15)
(Mon Aug.09.2021) (20:38:00) - [DEBUG] - (1) - Day: tsla price 715.19 HIGHER (703.25)
(Mon Aug.09.2021) (20:38:00) - [DEBUG] - (1) - Week: tsla price 715.19 HIGHER (707.09)
(Mon Aug.09.2021) (20:38:12) - [DEBUG] - (1) - Day: intc price 54.10 HIGHER (53.97)
(Mon Aug.09.2021) (20:38:12) - [DEBUG] - (1) - Week: intc price 54.10 HIGHER (54.06)
(Mon Aug.09.2021) (20:38:23) - [DEBUG] - (1) - Day: fb price 362.19 LOWER (363.08)
(Mon Aug.09.2021) (20:38:45) - [DEBUG] - (1) - Day: nclh price 24.46 LOWER (24.71)
(Mon Aug.09.2021) (20:39:08) - [DEBUG] - (1) - Day: t price 27.87 LOWER (27.92)
(Mon Aug.09.2021) (20:48:12) - [DEBUG] - (1) - Day: tsla price 716.78 HIGHER (703.25)
(Mon Aug.09.2021) (20:48:12) - [DEBUG] - (1) - Week: tsla price 716.78 HIGHER (707.09)
(Mon Aug.09.2021) (20:48:23) - [DEBUG] - (1) - Day: intc price 54.10 HIGHER (53.97)
(Mon Aug.09.2021) (20:48:23) - [DEBUG] - (1) - Week: intc price 54.10 HIGHER (54.06)
(Mon Aug.09.2021) (20:48:35) - [DEBUG] - (1) - Day: fb price 362.27 LOWER (363.08)
(Mon Aug.09.2021) (20:48:57) - [DEBUG] - (1) - Day: nclh price 24.52 LOWER (24.71)
(Mon Aug.09.2021) (20:49:09) - [DEBUG] - (1) - Day: shlx price 12.43 HIGHER (12.41)
(Mon Aug.09.2021) (20:49:20) - [DEBUG] - (1) - Day: t price 27.86 LOWER (27.92)
(Mon Aug.09.2021) (20:58:24) - [DEBUG] - (1) - Day: tsla price 715.58 HIGHER (703.25)
(Mon Aug.09.2021) (20:58:24) - [DEBUG] - (1) - Week: tsla price 715.58 HIGHER (707.09)
(Mon Aug.09.2021) (20:58:35) - [DEBUG] - (1) - Day: intc price 54.07 HIGHER (53.97)
(Mon Aug.09.2021) (20:58:35) - [DEBUG] - (1) - Week: intc price 54.07 HIGHER (54.06)
(Mon Aug.09.2021) (20:58:46) - [DEBUG] - (1) - Day: fb price 362.10 LOWER (363.08)
(Mon Aug.09.2021) (20:59:09) - [DEBUG] - (1) - Day: nclh price 24.54 LOWER (24.71)
(Mon Aug.09.2021) (20:59:32) - [DEBUG] - (1) - Day: t price 27.85 LOWER (27.92)
(Mon Aug.09.2021) (21:08:35) - [DEBUG] - (1) - Day: tsla price 714.44 HIGHER (703.25)
(Mon Aug.09.2021) (21:08:35) - [DEBUG] - (1) - Week: tsla price 714.44 HIGHER (707.09)
(Mon Aug.09.2021) (21:08:47) - [DEBUG] - (1) - Day: intc price 54.05 HIGHER (53.97)
(Mon Aug.09.2021) (21:08:58) - [DEBUG] - (1) - Day: fb price 362.16 LOWER (363.08)
(Mon Aug.09.2021) (21:09:21) - [DEBUG] - (1) - Day: nclh price 24.59 LOWER (24.71)
(Mon Aug.09.2021) (21:09:43) - [DEBUG] - (1) - Day: t price 27.86 LOWER (27.92)
(Mon Aug.09.2021) (21:18:47) - [DEBUG] - (1) - Day: tsla price 714.11 HIGHER (703.25)
(Mon Aug.09.2021) (21:18:47) - [DEBUG] - (1) - Week: tsla price 713.89 HIGHER (707.09)
(Mon Aug.09.2021) (21:18:58) - [DEBUG] - (1) - Day: intc price 54.04 HIGHER (53.97)
(Mon Aug.09.2021) (21:19:09) - [DEBUG] - (1) - Day: fb price 361.67 LOWER (363.08)
(Mon Aug.09.2021) (21:19:32) - [DEBUG] - (1) - Day: nclh price 24.64 LOWER (24.71)
(Mon Aug.09.2021) (21:19:55) - [DEBUG] - (1) - Day: t price 27.86 LOWER (27.92)
(Mon Aug.09.2021) (21:28:59) - [DEBUG] - (1) - Day: tsla price 712.50 HIGHER (703.25)
(Mon Aug.09.2021) (21:28:59) - [DEBUG] - (1) - Week: tsla price 712.50 HIGHER (707.09)
(Mon Aug.09.2021) (21:29:10) - [DEBUG] - (1) - Day: intc price 54.09 HIGHER (53.97)
(Mon Aug.09.2021) (21:29:10) - [DEBUG] - (1) - Week: intc price 54.09 HIGHER (54.06)
(Mon Aug.09.2021) (21:29:21) - [DEBUG] - (1) - Day: fb price 361.80 LOWER (363.08)
(Mon Aug.09.2021) (21:29:44) - [DEBUG] - (1) - Day: nclh price 24.59 LOWER (24.71)
(Mon Aug.09.2021) (21:29:55) - [DEBUG] - (1) - Day: shlx price 12.47 HIGHER (12.41)
(Mon Aug.09.2021) (21:30:06) - [DEBUG] - (1) - Day: t price 27.88 LOWER (27.92)
(Mon Aug.09.2021) (21:39:10) - [DEBUG] - (1) - Day: tsla price 714.62 HIGHER (703.25)
(Mon Aug.09.2021) (21:39:10) - [DEBUG] - (1) - Week: tsla price 714.62 HIGHER (707.09)
(Mon Aug.09.2021) (21:39:21) - [DEBUG] - (1) - Day: intc price 54.10 HIGHER (53.97)
(Mon Aug.09.2021) (21:39:21) - [DEBUG] - (1) - Week: intc price 54.10 HIGHER (54.06)
(Mon Aug.09.2021) (21:39:33) - [DEBUG] - (1) - Day: fb price 361.94 LOWER (363.08)
(Mon Aug.09.2021) (21:40:07) - [DEBUG] - (1) - Day: shlx price 12.47 HIGHER (12.41)
(Mon Aug.09.2021) (21:40:18) - [DEBUG] - (1) - Day: t price 27.86 LOWER (27.92)
(Mon Aug.09.2021) (21:49:22) - [DEBUG] - (1) - Day: tsla price 714.20 HIGHER (703.25)
(Mon Aug.09.2021) (21:49:22) - [DEBUG] - (1) - Week: tsla price 714.20 HIGHER (707.09)
(Mon Aug.09.2021) (21:49:33) - [DEBUG] - (1) - Day: intc price 54.08 HIGHER (53.97)
(Mon Aug.09.2021) (21:49:33) - [DEBUG] - (1) - Week: intc price 54.08 HIGHER (54.06)
(Mon Aug.09.2021) (21:49:45) - [DEBUG] - (1) - Day: fb price 361.89 LOWER (363.08)
(Mon Aug.09.2021) (21:50:18) - [DEBUG] - (1) - Day: shlx price 12.44 HIGHER (12.41)
(Mon Aug.09.2021) (21:50:30) - [DEBUG] - (1) - Day: t price 27.84 LOWER (27.92)
(Mon Aug.09.2021) (21:59:34) - [DEBUG] - (1) - Day: tsla price 714.91 HIGHER (703.25)
(Mon Aug.09.2021) (21:59:34) - [DEBUG] - (1) - Week: tsla price 714.89 HIGHER (707.09)
(Mon Aug.09.2021) (21:59:45) - [DEBUG] - (1) - Day: intc price 54.09 HIGHER (53.97)
(Mon Aug.09.2021) (21:59:45) - [DEBUG] - (1) - Week: intc price 54.09 HIGHER (54.06)
(Mon Aug.09.2021) (21:59:56) - [DEBUG] - (1) - Day: fb price 361.86 LOWER (363.08)
(Mon Aug.09.2021) (22:00:19) - [DEBUG] - (1) - Day: nclh price 24.70 LOWER (24.71)
(Mon Aug.09.2021) (22:00:30) - [DEBUG] - (1) - Day: shlx price 12.45 HIGHER (12.41)
(Mon Aug.09.2021) (22:00:42) - [DEBUG] - (1) - Day: t price 27.84 LOWER (27.92)
(Mon Aug.09.2021) (22:09:46) - [DEBUG] - (1) - Day: tsla price 715.03 HIGHER (703.25)
(Mon Aug.09.2021) (22:09:46) - [DEBUG] - (1) - Week: tsla price 714.88 HIGHER (707.09)
(Mon Aug.09.2021) (22:09:57) - [DEBUG] - (1) - Day: intc price 54.08 HIGHER (53.97)
(Mon Aug.09.2021) (22:09:57) - [DEBUG] - (1) - Week: intc price 54.08 HIGHER (54.06)
(Mon Aug.09.2021) (22:10:08) - [DEBUG] - (1) - Day: fb price 362.03 LOWER (363.08)
(Mon Aug.09.2021) (22:10:19) - [DEBUG] - (1) - Day: amd price 107.60 LOWER (107.89)
(Mon Aug.09.2021) (22:10:42) - [DEBUG] - (1) - Day: shlx price 12.45 HIGHER (12.41)
(Mon Aug.09.2021) (22:10:53) - [DEBUG] - (1) - Day: t price 27.82 LOWER (27.92)
(Mon Aug.09.2021) (22:19:57) - [DEBUG] - (1) - Day: tsla price 714.80 HIGHER (703.25)
(Mon Aug.09.2021) (22:19:57) - [DEBUG] - (1) - Week: tsla price 714.80 HIGHER (707.09)
(Mon Aug.09.2021) (22:20:09) - [DEBUG] - (1) - Day: intc price 54.08 HIGHER (53.97)
(Mon Aug.09.2021) (22:20:09) - [DEBUG] - (1) - Week: intc price 54.08 HIGHER (54.06)
(Mon Aug.09.2021) (22:20:20) - [DEBUG] - (1) - Day: fb price 361.73 LOWER (363.08)
(Mon Aug.09.2021) (22:20:31) - [DEBUG] - (1) - Day: amd price 107.54 LOWER (107.89)
(Mon Aug.09.2021) (22:20:53) - [DEBUG] - (1) - Day: shlx price 12.47 HIGHER (12.41)
(Mon Aug.09.2021) (22:21:05) - [DEBUG] - (1) - Day: t price 27.83 LOWER (27.92)
(Mon Aug.09.2021) (22:30:09) - [DEBUG] - (1) - Day: tsla price 714.66 HIGHER (703.25)
(Mon Aug.09.2021) (22:30:09) - [DEBUG] - (1) - Week: tsla price 714.66 HIGHER (707.09)
(Mon Aug.09.2021) (22:30:20) - [DEBUG] - (1) - Day: intc price 54.11 HIGHER (53.97)
(Mon Aug.09.2021) (22:30:20) - [DEBUG] - (1) - Week: intc price 54.11 HIGHER (54.06)
(Mon Aug.09.2021) (22:30:31) - [DEBUG] - (1) - Day: fb price 361.66 LOWER (363.08)
(Mon Aug.09.2021) (22:30:43) - [DEBUG] - (1) - Day: amd price 107.36 LOWER (107.89)
(Mon Aug.09.2021) (22:30:54) - [DEBUG] - (1) - Day: nclh price 24.68 LOWER (24.71)
(Mon Aug.09.2021) (22:31:05) - [DEBUG] - (1) - Day: shlx price 12.46 HIGHER (12.41)
(Mon Aug.09.2021) (22:31:17) - [DEBUG] - (1) - Day: t price 27.82 LOWER (27.92)
(Mon Aug.09.2021) (22:40:21) - [DEBUG] - (1) - Day: tsla price 714.12 HIGHER (703.25)
(Mon Aug.09.2021) (22:40:21) - [DEBUG] - (1) - Week: tsla price 714.12 HIGHER (707.09)
(Mon Aug.09.2021) (22:40:32) - [DEBUG] - (1) - Day: intc price 54.11 HIGHER (53.97)
(Mon Aug.09.2021) (22:40:32) - [DEBUG] - (1) - Week: intc price 54.11 HIGHER (54.06)
(Mon Aug.09.2021) (22:40:43) - [DEBUG] - (1) - Day: fb price 361.82 LOWER (363.08)
(Mon Aug.09.2021) (22:40:54) - [DEBUG] - (1) - Day: amd price 107.25 LOWER (107.89)
(Mon Aug.09.2021) (22:41:06) - [DEBUG] - (1) - Day: nclh price 24.68 LOWER (24.71)
(Mon Aug.09.2021) (22:41:17) - [DEBUG] - (1) - Day: shlx price 12.45 HIGHER (12.41)
(Mon Aug.09.2021) (22:41:28) - [DEBUG] - (1) - Day: t price 27.86 LOWER (27.92)
(Mon Aug.09.2021) (22:50:32) - [DEBUG] - (1) - Day: tsla price 714.00 HIGHER (703.25)
(Mon Aug.09.2021) (22:50:32) - [DEBUG] - (1) - Week: tsla price 714.38 HIGHER (707.09)
(Mon Aug.09.2021) (22:50:44) - [DEBUG] - (1) - Day: intc price 54.10 HIGHER (53.97)
(Mon Aug.09.2021) (22:50:44) - [DEBUG] - (1) - Week: intc price 54.10 HIGHER (54.06)
(Mon Aug.09.2021) (22:50:55) - [DEBUG] - (1) - Day: fb price 361.17 LOWER (363.08)
(Mon Aug.09.2021) (22:51:06) - [DEBUG] - (1) - Day: amd price 107.62 LOWER (107.89)
(Mon Aug.09.2021) (22:51:18) - [DEBUG] - (1) - Day: nclh price 24.64 LOWER (24.71)
(Mon Aug.09.2021) (22:51:29) - [DEBUG] - (1) - Day: shlx price 12.49 HIGHER (12.41)
(Mon Aug.09.2021) (22:51:40) - [DEBUG] - (1) - Day: t price 27.84 LOWER (27.92)
(Mon Aug.09.2021) (23:00:45) - [DEBUG] - (1) - Day: tsla price 713.76 HIGHER (703.25)
(Mon Aug.09.2021) (23:00:45) - [DEBUG] - (1) - Week: tsla price 713.76 HIGHER (707.09)
(Mon Aug.09.2021) (23:00:56) - [DEBUG] - (1) - Day: intc price 54.05 HIGHER (53.97)
(Mon Aug.09.2021) (23:01:08) - [DEBUG] - (1) - Day: fb price 361.61 LOWER (363.08)
(Mon Aug.09.2021) (23:01:20) - [DEBUG] - (1) - Day: amd price 107.58 LOWER (107.89)
(Mon Aug.09.2021) (23:01:43) - [DEBUG] - (1) - Day: shlx price 12.45 HIGHER (12.41)
(Mon Aug.09.2021) (23:01:55) - [DEBUG] - (1) - Day: t price 27.83 LOWER (27.92)
(Mon Aug.09.2021) (23:10:59) - [DEBUG] - (1) - Day: tsla price 713.76 HIGHER (703.25)
(Mon Aug.09.2021) (23:10:59) - [DEBUG] - (1) - Week: tsla price 713.76 HIGHER (707.09)
(Mon Aug.09.2021) (23:11:11) - [DEBUG] - (1) - Day: intc price 54.05 HIGHER (53.97)
(Mon Aug.09.2021) (23:11:22) - [DEBUG] - (1) - Day: fb price 361.61 LOWER (363.08)
(Mon Aug.09.2021) (23:11:33) - [DEBUG] - (1) - Day: amd price 107.58 LOWER (107.89)
(Mon Aug.09.2021) (23:11:56) - [DEBUG] - (1) - Day: shlx price 12.45 HIGHER (12.41)
(Mon Aug.09.2021) (23:12:07) - [DEBUG] - (1) - Day: t price 27.83 LOWER (27.92)
(Mon Aug.09.2021) (23:21:11) - [DEBUG] - (1) - Day: tsla price 713.76 HIGHER (703.25)
(Mon Aug.09.2021) (23:21:11) - [DEBUG] - (1) - Week: tsla price 713.76 HIGHER (707.09)
(Mon Aug.09.2021) (23:21:23) - [DEBUG] - (1) - Day: intc price 54.04 HIGHER (53.97)
(Mon Aug.09.2021) (23:21:34) - [DEBUG] - (1) - Day: fb price 361.61 LOWER (363.08)
(Mon Aug.09.2021) (23:21:45) - [DEBUG] - (1) - Day: amd price 107.58 LOWER (107.89)
(Mon Aug.09.2021) (23:21:57) - [DEBUG] - (1) - Day: nclh price 24.66 LOWER (24.71)
(Mon Aug.09.2021) (23:22:08) - [DEBUG] - (1) - Day: shlx price 12.43 HIGHER (12.41)
(Mon Aug.09.2021) (23:22:19) - [DEBUG] - (1) - Day: t price 27.85 LOWER (27.92)
(Mon Aug.09.2021) (23:31:23) - [DEBUG] - (1) - Day: tsla price 713.76 HIGHER (703.25)
(Mon Aug.09.2021) (23:31:23) - [DEBUG] - (1) - Week: tsla price 713.76 HIGHER (707.09)
(Mon Aug.09.2021) (23:31:35) - [DEBUG] - (1) - Day: intc price 54.04 HIGHER (53.97)
(Mon Aug.09.2021) (23:31:46) - [DEBUG] - (1) - Day: fb price 361.61 LOWER (363.08)
(Mon Aug.09.2021) (23:31:57) - [DEBUG] - (1) - Day: amd price 107.58 LOWER (107.89)
(Mon Aug.09.2021) (23:32:09) - [DEBUG] - (1) - Day: nclh price 24.66 LOWER (24.71)
(Mon Aug.09.2021) (23:32:20) - [DEBUG] - (1) - Day: shlx price 12.43 HIGHER (12.41)
(Mon Aug.09.2021) (23:32:31) - [DEBUG] - (1) - Day: t price 27.85 LOWER (27.92)
(Mon Aug.09.2021) (23:41:36) - [DEBUG] - (1) - Day: tsla price 713.76 HIGHER (703.25)
(Mon Aug.09.2021) (23:41:36) - [DEBUG] - (1) - Week: tsla price 713.76 HIGHER (707.09)
(Mon Aug.09.2021) (23:41:47) - [DEBUG] - (1) - Day: intc price 54.04 HIGHER (53.97)
(Mon Aug.09.2021) (23:41:59) - [DEBUG] - (1) - Day: fb price 361.61 LOWER (363.08)
(Mon Aug.09.2021) (23:42:11) - [DEBUG] - (1) - Day: amd price 107.58 LOWER (107.89)
(Mon Aug.09.2021) (23:42:23) - [DEBUG] - (1) - Day: nclh price 24.66 LOWER (24.71)
(Mon Aug.09.2021) (23:42:34) - [DEBUG] - (1) - Day: shlx price 12.43 HIGHER (12.41)
(Mon Aug.09.2021) (23:42:46) - [DEBUG] - (1) - Day: t price 27.85 LOWER (27.92)
(Mon Aug.09.2021) (23:51:52) - [DEBUG] - (1) - Day: tsla price 713.76 HIGHER (703.25)
(Mon Aug.09.2021) (23:51:52) - [DEBUG] - (1) - Week: tsla price 713.76 HIGHER (707.09)
(Mon Aug.09.2021) (23:52:03) - [DEBUG] - (1) - Day: intc price 54.04 HIGHER (53.97)
(Mon Aug.09.2021) (23:52:15) - [DEBUG] - (1) - Day: fb price 361.61 LOWER (363.08)
(Mon Aug.09.2021) (23:52:26) - [DEBUG] - (1) - Day: amd price 107.58 LOWER (107.89)
(Mon Aug.09.2021) (23:52:38) - [DEBUG] - (1) - Day: nclh price 24.66 LOWER (24.71)
(Mon Aug.09.2021) (23:52:50) - [DEBUG] - (1) - Day: shlx price 12.43 HIGHER (12.41)
(Mon Aug.09.2021) (23:53:01) - [DEBUG] - (1) - Day: t price 27.85 LOWER (27.92)
(Tue Aug.10.2021) (00:59:39) - [DEBUG] - (1) - Thread STOP
(Tue Aug.10.2021) (00:59:40) - [DEBUG] - (1) - Thread EXIT
(Tue Aug.10.2021) (19:28:49) - [DEBUG] - (1) - Thread START
(Tue Aug.10.2021) (19:29:13) - [DEBUG] - (1) - Day: tsla price 715.60 HIGHER (714.77)
(Tue Aug.10.2021) (19:29:24) - [DEBUG] - (1) - Day: intc price 53.78 LOWER (53.96)
(Tue Aug.10.2021) (19:29:24) - [DEBUG] - (1) - Week: intc price 53.78 LOWER (53.86)
(Tue Aug.10.2021) (19:29:36) - [DEBUG] - (1) - Day: fb price 360.69 LOWER (361.15)
(Tue Aug.10.2021) (19:29:58) - [DEBUG] - (1) - Day: nclh price 25.76 HIGHER (24.92)
(Tue Aug.10.2021) (19:29:58) - [DEBUG] - (1) - Week: nclh price 25.76 HIGHER (25.62)
(Tue Aug.10.2021) (19:30:21) - [DEBUG] - (1) - Day: t price 27.93 HIGHER (27.89)
(Tue Aug.10.2021) (19:30:33) - [DEBUG] - (1) - Day: ebay price 67.05 HIGHER (65.52)
(Tue Aug.10.2021) (19:30:33) - [DEBUG] - (1) - Week: ebay price 67.05 HIGHER (66.63)
(Tue Aug.10.2021) (19:39:37) - [DEBUG] - (1) - Day: intc price 53.78 LOWER (53.96)
(Tue Aug.10.2021) (19:39:37) - [DEBUG] - (1) - Week: intc price 53.78 LOWER (53.86)
(Tue Aug.10.2021) (19:39:48) - [DEBUG] - (1) - Day: fb price 361.02 LOWER (361.15)
(Tue Aug.10.2021) (19:40:11) - [DEBUG] - (1) - Day: nclh price 25.80 HIGHER (24.92)
(Tue Aug.10.2021) (19:40:11) - [DEBUG] - (1) - Week: nclh price 25.80 HIGHER (25.62)
(Tue Aug.10.2021) (19:40:34) - [DEBUG] - (1) - Day: t price 27.94 HIGHER (27.89)
(Tue Aug.10.2021) (19:40:45) - [DEBUG] - (1) - Day: ebay price 67.16 HIGHER (65.52)
(Tue Aug.10.2021) (19:40:45) - [DEBUG] - (1) - Week: ebay price 67.16 HIGHER (66.63)
(Tue Aug.10.2021) (19:49:27) - [DEBUG] - (1) - Day: aapl price 145.62 LOWER (145.85)
(Tue Aug.10.2021) (19:49:49) - [DEBUG] - (1) - Day: intc price 53.80 LOWER (53.96)
(Tue Aug.10.2021) (19:49:49) - [DEBUG] - (1) - Week: intc price 53.80 LOWER (53.86)
(Tue Aug.10.2021) (19:50:01) - [DEBUG] - (1) - Day: fb price 361.10 LOWER (361.15)
(Tue Aug.10.2021) (19:50:24) - [DEBUG] - (1) - Day: nclh price 25.71 HIGHER (24.92)
(Tue Aug.10.2021) (19:50:24) - [DEBUG] - (1) - Week: nclh price 25.71 HIGHER (25.62)
(Tue Aug.10.2021) (19:50:46) - [DEBUG] - (1) - Day: t price 27.95 HIGHER (27.89)
(Tue Aug.10.2021) (19:50:46) - [DEBUG] - (1) - Week: t price 27.95 HIGHER (27.95)
(Tue Aug.10.2021) (19:50:57) - [DEBUG] - (1) - Day: ebay price 67.44 HIGHER (65.52)
(Tue Aug.10.2021) (19:50:57) - [DEBUG] - (1) - Week: ebay price 67.44 HIGHER (66.63)
(Tue Aug.10.2021) (19:59:39) - [DEBUG] - (1) - Day: aapl price 145.62 LOWER (145.85)
(Tue Aug.10.2021) (20:00:01) - [DEBUG] - (1) - Day: intc price 53.77 LOWER (53.96)
(Tue Aug.10.2021) (20:00:01) - [DEBUG] - (1) - Week: intc price 53.77 LOWER (53.86)
(Tue Aug.10.2021) (20:00:13) - [DEBUG] - (1) - Day: fb price 360.95 LOWER (361.15)
(Tue Aug.10.2021) (20:00:36) - [DEBUG] - (1) - Day: nclh price 25.73 HIGHER (24.92)
(Tue Aug.10.2021) (20:00:36) - [DEBUG] - (1) - Week: nclh price 25.73 HIGHER (25.62)
(Tue Aug.10.2021) (20:00:58) - [DEBUG] - (1) - Day: t price 27.98 HIGHER (27.89)
(Tue Aug.10.2021) (20:00:58) - [DEBUG] - (1) - Week: t price 27.98 HIGHER (27.95)
(Tue Aug.10.2021) (20:01:10) - [DEBUG] - (1) - Day: ebay price 67.44 HIGHER (65.52)
(Tue Aug.10.2021) (20:01:10) - [DEBUG] - (1) - Week: ebay price 67.44 HIGHER (66.63)
(Tue Aug.10.2021) (20:09:51) - [DEBUG] - (1) - Day: aapl price 145.69 LOWER (145.85)
(Tue Aug.10.2021) (20:10:02) - [DEBUG] - (1) - Day: tsla price 714.93 HIGHER (714.77)
(Tue Aug.10.2021) (20:10:14) - [DEBUG] - (1) - Day: intc price 53.87 LOWER (53.96)
(Tue Aug.10.2021) (20:10:25) - [DEBUG] - (1) - Day: fb price 361.07 LOWER (361.15)
(Tue Aug.10.2021) (20:10:48) - [DEBUG] - (1) - Day: nclh price 25.84 HIGHER (24.92)
(Tue Aug.10.2021) (20:10:48) - [DEBUG] - (1) - Week: nclh price 25.84 HIGHER (25.62)
(Tue Aug.10.2021) (20:11:10) - [DEBUG] - (1) - Day: t price 27.98 HIGHER (27.89)
(Tue Aug.10.2021) (20:11:10) - [DEBUG] - (1) - Week: t price 27.98 HIGHER (27.95)
(Tue Aug.10.2021) (20:11:22) - [DEBUG] - (1) - Day: ebay price 67.13 HIGHER (65.52)
(Tue Aug.10.2021) (20:11:22) - [DEBUG] - (1) - Week: ebay price 67.13 HIGHER (66.63)
(Tue Aug.10.2021) (20:20:03) - [DEBUG] - (1) - Day: aapl price 145.72 LOWER (145.85)
(Tue Aug.10.2021) (20:20:26) - [DEBUG] - (1) - Day: intc price 53.88 LOWER (53.96)
(Tue Aug.10.2021) (20:20:37) - [DEBUG] - (1) - Day: fb price 360.92 LOWER (361.15)
(Tue Aug.10.2021) (20:21:00) - [DEBUG] - (1) - Day: nclh price 25.93 HIGHER (24.92)
(Tue Aug.10.2021) (20:21:00) - [DEBUG] - (1) - Week: nclh price 25.93 HIGHER (25.62)
(Tue Aug.10.2021) (20:21:22) - [DEBUG] - (1) - Day: t price 28.00 HIGHER (27.89)
(Tue Aug.10.2021) (20:21:22) - [DEBUG] - (1) - Week: t price 28.00 HIGHER (27.95)
(Tue Aug.10.2021) (20:21:34) - [DEBUG] - (1) - Day: ebay price 67.16 HIGHER (65.52)
(Tue Aug.10.2021) (20:21:34) - [DEBUG] - (1) - Week: ebay price 67.16 HIGHER (66.63)
(Tue Aug.10.2021) (20:30:15) - [DEBUG] - (1) - Day: aapl price 145.55 LOWER (145.85)
(Tue Aug.10.2021) (20:30:38) - [DEBUG] - (1) - Day: intc price 53.88 LOWER (53.96)
(Tue Aug.10.2021) (20:30:49) - [DEBUG] - (1) - Day: fb price 360.82 LOWER (361.15)
(Tue Aug.10.2021) (20:31:12) - [DEBUG] - (1) - Day: nclh price 25.99 HIGHER (24.92)
(Tue Aug.10.2021) (20:31:12) - [DEBUG] - (1) - Week: nclh price 25.99 HIGHER (25.62)
(Tue Aug.10.2021) (20:31:34) - [DEBUG] - (1) - Day: t price 27.98 HIGHER (27.89)
(Tue Aug.10.2021) (20:31:35) - [DEBUG] - (1) - Week: t price 27.98 HIGHER (27.95)
(Tue Aug.10.2021) (20:31:46) - [DEBUG] - (1) - Day: ebay price 67.09 HIGHER (65.52)
(Tue Aug.10.2021) (20:31:46) - [DEBUG] - (1) - Week: ebay price 67.09 HIGHER (66.63)
(Tue Aug.10.2021) (20:40:27) - [DEBUG] - (1) - Day: aapl price 145.57 LOWER (145.85)
(Tue Aug.10.2021) (20:40:39) - [DEBUG] - (1) - Day: tsla price 711.58 LOWER (712.69)
(Tue Aug.10.2021) (20:40:50) - [DEBUG] - (1) - Day: intc price 53.88 LOWER (53.96)
(Tue Aug.10.2021) (20:41:02) - [DEBUG] - (1) - Day: fb price 361.01 LOWER (361.15)
(Tue Aug.10.2021) (20:41:24) - [DEBUG] - (1) - Day: nclh price 25.93 HIGHER (24.92)
(Tue Aug.10.2021) (20:41:24) - [DEBUG] - (1) - Week: nclh price 25.93 HIGHER (25.62)
(Tue Aug.10.2021) (20:41:47) - [DEBUG] - (1) - Day: t price 27.99 HIGHER (27.89)
(Tue Aug.10.2021) (20:41:47) - [DEBUG] - (1) - Week: t price 27.99 HIGHER (27.95)
(Tue Aug.10.2021) (20:41:58) - [DEBUG] - (1) - Day: ebay price 67.16 HIGHER (65.52)
(Tue Aug.10.2021) (20:41:58) - [DEBUG] - (1) - Week: ebay price 67.16 HIGHER (66.63)
(Tue Aug.10.2021) (20:50:40) - [DEBUG] - (1) - Day: aapl price 145.54 LOWER (145.85)
(Tue Aug.10.2021) (20:51:03) - [DEBUG] - (1) - Day: intc price 53.85 LOWER (53.96)
(Tue Aug.10.2021) (20:51:03) - [DEBUG] - (1) - Week: intc price 53.85 LOWER (53.86)
(Tue Aug.10.2021) (20:51:14) - [DEBUG] - (1) - Day: fb price 361.03 LOWER (361.15)
(Tue Aug.10.2021) (20:51:36) - [DEBUG] - (1) - Day: nclh price 25.82 HIGHER (24.92)
(Tue Aug.10.2021) (20:51:36) - [DEBUG] - (1) - Week: nclh price 25.82 HIGHER (25.62)
(Tue Aug.10.2021) (20:51:59) - [DEBUG] - (1) - Day: t price 27.98 HIGHER (27.89)
(Tue Aug.10.2021) (20:51:59) - [DEBUG] - (1) - Week: t price 27.98 HIGHER (27.95)
(Tue Aug.10.2021) (20:52:11) - [DEBUG] - (1) - Day: ebay price 67.12 HIGHER (65.52)
(Tue Aug.10.2021) (20:52:11) - [DEBUG] - (1) - Week: ebay price 67.12 HIGHER (66.63)
(Tue Aug.10.2021) (21:00:52) - [DEBUG] - (1) - Day: aapl price 145.65 LOWER (145.85)
(Tue Aug.10.2021) (21:01:15) - [DEBUG] - (1) - Day: intc price 53.96 LOWER (53.96)
(Tue Aug.10.2021) (21:01:49) - [DEBUG] - (1) - Day: nclh price 25.96 HIGHER (24.92)
(Tue Aug.10.2021) (21:01:49) - [DEBUG] - (1) - Week: nclh price 25.96 HIGHER (25.62)
(Tue Aug.10.2021) (21:02:11) - [DEBUG] - (1) - Day: t price 28.04 HIGHER (27.89)
(Tue Aug.10.2021) (21:02:11) - [DEBUG] - (1) - Week: t price 28.04 HIGHER (27.95)
(Tue Aug.10.2021) (21:02:23) - [DEBUG] - (1) - Day: ebay price 67.17 HIGHER (65.52)
(Tue Aug.10.2021) (21:02:23) - [DEBUG] - (1) - Week: ebay price 67.17 HIGHER (66.63)
(Tue Aug.10.2021) (21:11:04) - [DEBUG] - (1) - Day: aapl price 145.34 LOWER (145.85)
(Tue Aug.10.2021) (21:11:04) - [DEBUG] - (1) - Week: aapl price 145.34 LOWER (145.44)
(Tue Aug.10.2021) (21:11:16) - [DEBUG] - (1) - Day: tsla price 709.65 LOWER (712.69)
(Tue Aug.10.2021) (21:11:27) - [DEBUG] - (1) - Day: intc price 53.89 LOWER (53.96)
(Tue Aug.10.2021) (21:11:38) - [DEBUG] - (1) - Day: fb price 360.44 LOWER (361.15)
(Tue Aug.10.2021) (21:12:01) - [DEBUG] - (1) - Day: nclh price 25.88 HIGHER (24.92)
(Tue Aug.10.2021) (21:12:01) - [DEBUG] - (1) - Week: nclh price 25.88 HIGHER (25.62)
(Tue Aug.10.2021) (21:12:24) - [DEBUG] - (1) - Day: t price 28.07 HIGHER (27.89)
(Tue Aug.10.2021) (21:12:24) - [DEBUG] - (1) - Week: t price 28.07 HIGHER (27.95)
(Tue Aug.10.2021) (21:12:35) - [DEBUG] - (1) - Day: ebay price 67.21 HIGHER (65.52)
(Tue Aug.10.2021) (21:12:35) - [DEBUG] - (1) - Week: ebay price 67.21 HIGHER (66.63)
(Tue Aug.10.2021) (21:21:17) - [DEBUG] - (1) - Day: aapl price 145.41 LOWER (145.85)
(Tue Aug.10.2021) (21:21:17) - [DEBUG] - (1) - Week: aapl price 145.41 LOWER (145.44)
(Tue Aug.10.2021) (21:21:28) - [DEBUG] - (1) - Day: tsla price 708.64 LOWER (712.69)
(Tue Aug.10.2021) (21:21:39) - [DEBUG] - (1) - Day: intc price 53.87 LOWER (53.96)
(Tue Aug.10.2021) (21:21:51) - [DEBUG] - (1) - Day: fb price 360.67 LOWER (361.15)
(Tue Aug.10.2021) (21:22:13) - [DEBUG] - (1) - Day: nclh price 25.82 HIGHER (24.92)
(Tue Aug.10.2021) (21:22:13) - [DEBUG] - (1) - Week: nclh price 25.82 HIGHER (25.62)
(Tue Aug.10.2021) (21:22:36) - [DEBUG] - (1) - Day: t price 28.05 HIGHER (27.89)
(Tue Aug.10.2021) (21:22:36) - [DEBUG] - (1) - Week: t price 28.05 HIGHER (27.95)
(Tue Aug.10.2021) (21:22:48) - [DEBUG] - (1) - Day: ebay price 67.06 HIGHER (65.52)
(Tue Aug.10.2021) (21:22:48) - [DEBUG] - (1) - Week: ebay price 67.06 HIGHER (66.63)
(Tue Aug.10.2021) (21:31:29) - [DEBUG] - (1) - Day: aapl price 145.53 LOWER (145.85)
(Tue Aug.10.2021) (21:31:41) - [DEBUG] - (1) - Day: tsla price 709.72 LOWER (712.69)
(Tue Aug.10.2021) (21:32:03) - [DEBUG] - (1) - Day: fb price 360.86 LOWER (361.15)
(Tue Aug.10.2021) (21:32:26) - [DEBUG] - (1) - Day: nclh price 25.88 HIGHER (24.92)
(Tue Aug.10.2021) (21:32:26) - [DEBUG] - (1) - Week: nclh price 25.88 HIGHER (25.62)
(Tue Aug.10.2021) (21:32:49) - [DEBUG] - (1) - Day: t price 28.05 HIGHER (27.89)
(Tue Aug.10.2021) (21:32:49) - [DEBUG] - (1) - Week: t price 28.05 HIGHER (27.95)
(Tue Aug.10.2021) (21:33:00) - [DEBUG] - (1) - Day: ebay price 67.12 HIGHER (65.52)
(Tue Aug.10.2021) (21:33:00) - [DEBUG] - (1) - Week: ebay price 67.12 HIGHER (66.63)
(Tue Aug.10.2021) (21:41:41) - [DEBUG] - (1) - Day: aapl price 145.59 LOWER (145.85)
(Tue Aug.10.2021) (21:41:53) - [DEBUG] - (1) - Day: tsla price 709.56 LOWER (712.69)
(Tue Aug.10.2021) (21:42:16) - [DEBUG] - (1) - Day: fb price 360.95 LOWER (361.15)
(Tue Aug.10.2021) (21:42:38) - [DEBUG] - (1) - Day: nclh price 25.96 HIGHER (24.92)
(Tue Aug.10.2021) (21:42:38) - [DEBUG] - (1) - Week: nclh price 25.96 HIGHER (25.62)
(Tue Aug.10.2021) (21:43:01) - [DEBUG] - (1) - Day: t price 28.02 HIGHER (27.89)
(Tue Aug.10.2021) (21:43:01) - [DEBUG] - (1) - Week: t price 28.02 HIGHER (27.95)
(Tue Aug.10.2021) (21:43:13) - [DEBUG] - (1) - Day: ebay price 67.19 HIGHER (65.52)
(Tue Aug.10.2021) (21:43:13) - [DEBUG] - (1) - Week: ebay price 67.19 HIGHER (66.63)
(Tue Aug.10.2021) (21:51:54) - [DEBUG] - (1) - Day: aapl price 145.63 LOWER (145.85)
(Tue Aug.10.2021) (21:52:05) - [DEBUG] - (1) - Day: tsla price 710.10 LOWER (712.69)
(Tue Aug.10.2021) (21:52:29) - [DEBUG] - (1) - Day: fb price 361.03 LOWER (361.15)
(Tue Aug.10.2021) (21:52:51) - [DEBUG] - (1) - Day: nclh price 25.97 HIGHER (24.92)
(Tue Aug.10.2021) (21:52:51) - [DEBUG] - (1) - Week: nclh price 25.97 HIGHER (25.62)
(Tue Aug.10.2021) (21:53:14) - [DEBUG] - (1) - Day: t price 28.02 HIGHER (27.89)
(Tue Aug.10.2021) (21:53:14) - [DEBUG] - (1) - Week: t price 28.02 HIGHER (27.95)
(Tue Aug.10.2021) (21:53:27) - [DEBUG] - (1) - Day: ebay price 67.22 HIGHER (65.52)
(Tue Aug.10.2021) (21:53:27) - [DEBUG] - (1) - Week: ebay price 67.22 HIGHER (66.63)
(Tue Aug.10.2021) (22:02:08) - [DEBUG] - (1) - Day: aapl price 145.64 LOWER (145.85)
(Tue Aug.10.2021) (22:02:19) - [DEBUG] - (1) - Day: tsla price 709.23 LOWER (712.69)
(Tue Aug.10.2021) (22:02:43) - [DEBUG] - (1) - Day: fb price 361.02 LOWER (361.15)
(Tue Aug.10.2021) (22:03:06) - [DEBUG] - (1) - Day: nclh price 25.89 HIGHER (24.92)
(Tue Aug.10.2021) (22:03:06) - [DEBUG] - (1) - Week: nclh price 25.89 HIGHER (25.62)
(Tue Aug.10.2021) (22:03:28) - [DEBUG] - (1) - Day: t price 28.02 HIGHER (27.89)
(Tue Aug.10.2021) (22:03:28) - [DEBUG] - (1) - Week: t price 28.02 HIGHER (27.95)
(Tue Aug.10.2021) (22:03:40) - [DEBUG] - (1) - Day: ebay price 67.21 HIGHER (65.52)
(Tue Aug.10.2021) (22:03:40) - [DEBUG] - (1) - Week: ebay price 67.21 HIGHER (66.63)
(Tue Aug.10.2021) (22:12:21) - [DEBUG] - (1) - Day: aapl price 145.63 LOWER (145.85)
(Tue Aug.10.2021) (22:12:33) - [DEBUG] - (1) - Day: tsla price 709.98 LOWER (712.69)
(Tue Aug.10.2021) (22:12:56) - [DEBUG] - (1) - Day: fb price 360.81 LOWER (361.15)
(Tue Aug.10.2021) (22:13:19) - [DEBUG] - (1) - Day: nclh price 25.85 HIGHER (24.92)
(Tue Aug.10.2021) (22:13:19) - [DEBUG] - (1) - Week: nclh price 25.85 HIGHER (25.62)
(Tue Aug.10.2021) (22:13:42) - [DEBUG] - (1) - Day: t price 27.99 HIGHER (27.89)
(Tue Aug.10.2021) (22:13:42) - [DEBUG] - (1) - Week: t price 27.99 HIGHER (27.95)
(Tue Aug.10.2021) (22:13:54) - [DEBUG] - (1) - Day: ebay price 67.22 HIGHER (65.52)
(Tue Aug.10.2021) (22:13:54) - [DEBUG] - (1) - Week: ebay price 67.22 HIGHER (66.63)
(Tue Aug.10.2021) (22:22:35) - [DEBUG] - (1) - Day: aapl price 145.69 LOWER (145.85)
(Tue Aug.10.2021) (22:22:47) - [DEBUG] - (1) - Day: tsla price 710.36 LOWER (712.69)
(Tue Aug.10.2021) (22:23:10) - [DEBUG] - (1) - Day: fb price 360.84 LOWER (361.15)
(Tue Aug.10.2021) (22:23:33) - [DEBUG] - (1) - Day: nclh price 25.82 HIGHER (24.92)
(Tue Aug.10.2021) (22:23:33) - [DEBUG] - (1) - Week: nclh price 25.82 HIGHER (25.62)
(Tue Aug.10.2021) (22:23:56) - [DEBUG] - (1) - Day: t price 28.00 HIGHER (27.89)
(Tue Aug.10.2021) (22:23:56) - [DEBUG] - (1) - Week: t price 28.00 HIGHER (27.95)
(Tue Aug.10.2021) (22:24:07) - [DEBUG] - (1) - Day: ebay price 67.28 HIGHER (65.52)
(Tue Aug.10.2021) (22:24:07) - [DEBUG] - (1) - Week: ebay price 67.28 HIGHER (66.63)
(Tue Aug.10.2021) (22:32:50) - [DEBUG] - (1) - Day: aapl price 145.59 LOWER (145.85)
(Tue Aug.10.2021) (22:33:01) - [DEBUG] - (1) - Day: tsla price 711.18 LOWER (712.69)
(Tue Aug.10.2021) (22:33:25) - [DEBUG] - (1) - Day: fb price 360.53 LOWER (361.15)
(Tue Aug.10.2021) (22:33:48) - [DEBUG] - (1) - Day: nclh price 25.86 HIGHER (24.92)
(Tue Aug.10.2021) (22:33:48) - [DEBUG] - (1) - Week: nclh price 25.86 HIGHER (25.62)
(Tue Aug.10.2021) (22:34:11) - [DEBUG] - (1) - Day: t price 28.02 HIGHER (27.89)
(Tue Aug.10.2021) (22:34:11) - [DEBUG] - (1) - Week: t price 28.02 HIGHER (27.95)
(Tue Aug.10.2021) (22:34:22) - [DEBUG] - (1) - Day: ebay price 67.33 HIGHER (65.52)
(Tue Aug.10.2021) (22:34:22) - [DEBUG] - (1) - Week: ebay price 67.33 HIGHER (66.63)
(Tue Aug.10.2021) (22:43:03) - [DEBUG] - (1) - Day: aapl price 145.62 LOWER (145.85)
(Tue Aug.10.2021) (22:43:15) - [DEBUG] - (1) - Day: tsla price 711.28 LOWER (712.69)
(Tue Aug.10.2021) (22:43:26) - [DEBUG] - (1) - Day: intc price 53.94 LOWER (53.96)
(Tue Aug.10.2021) (22:43:38) - [DEBUG] - (1) - Day: fb price 360.55 LOWER (361.15)
(Tue Aug.10.2021) (22:44:01) - [DEBUG] - (1) - Day: nclh price 25.84 HIGHER (24.92)
(Tue Aug.10.2021) (22:44:01) - [DEBUG] - (1) - Week: nclh price 25.84 HIGHER (25.62)
(Tue Aug.10.2021) (22:44:24) - [DEBUG] - (1) - Day: t price 28.05 HIGHER (27.89)
(Tue Aug.10.2021) (22:44:24) - [DEBUG] - (1) - Week: t price 28.05 HIGHER (27.95)
(Tue Aug.10.2021) (22:44:35) - [DEBUG] - (1) - Day: ebay price 67.29 HIGHER (65.52)
(Tue Aug.10.2021) (22:44:35) - [DEBUG] - (1) - Week: ebay price 67.29 HIGHER (66.63)
(Tue Aug.10.2021) (22:53:17) - [DEBUG] - (1) - Day: aapl price 145.43 LOWER (145.85)
(Tue Aug.10.2021) (22:53:17) - [DEBUG] - (1) - Week: aapl price 145.43 LOWER (145.44)
(Tue Aug.10.2021) (22:53:28) - [DEBUG] - (1) - Day: tsla price 710.30 LOWER (712.69)
(Tue Aug.10.2021) (22:53:39) - [DEBUG] - (1) - Day: intc price 53.94 LOWER (53.96)
(Tue Aug.10.2021) (22:53:51) - [DEBUG] - (1) - Day: fb price 360.38 LOWER (361.15)
(Tue Aug.10.2021) (22:54:14) - [DEBUG] - (1) - Day: nclh price 25.82 HIGHER (24.92)
(Tue Aug.10.2021) (22:54:14) - [DEBUG] - (1) - Week: nclh price 25.82 HIGHER (25.62)
(Tue Aug.10.2021) (22:54:26) - [DEBUG] - (1) - Day: shlx price 12.53 HIGHER (12.50)
(Tue Aug.10.2021) (22:54:37) - [DEBUG] - (1) - Day: t price 28.09 HIGHER (27.89)
(Tue Aug.10.2021) (22:54:37) - [DEBUG] - (1) - Week: t price 28.09 HIGHER (27.95)
(Tue Aug.10.2021) (22:54:49) - [DEBUG] - (1) - Day: ebay price 67.38 HIGHER (65.52)
(Tue Aug.10.2021) (22:54:49) - [DEBUG] - (1) - Week: ebay price 67.38 HIGHER (66.63)
(Tue Aug.10.2021) (23:03:31) - [DEBUG] - (1) - Day: aapl price 145.60 LOWER (145.85)
(Tue Aug.10.2021) (23:03:42) - [DEBUG] - (1) - Day: tsla price 709.99 LOWER (712.69)
(Tue Aug.10.2021) (23:03:53) - [DEBUG] - (1) - Day: intc price 53.94 LOWER (53.96)
(Tue Aug.10.2021) (23:04:05) - [DEBUG] - (1) - Day: fb price 361.13 LOWER (361.15)
(Tue Aug.10.2021) (23:04:28) - [DEBUG] - (1) - Day: nclh price 25.72 HIGHER (24.92)
(Tue Aug.10.2021) (23:04:28) - [DEBUG] - (1) - Week: nclh price 25.72 HIGHER (25.62)
(Tue Aug.10.2021) (23:04:51) - [DEBUG] - (1) - Day: t price 28.10 HIGHER (27.89)
(Tue Aug.10.2021) (23:04:51) - [DEBUG] - (1) - Week: t price 28.10 HIGHER (27.95)
(Tue Aug.10.2021) (23:05:02) - [DEBUG] - (1) - Day: ebay price 67.31 HIGHER (65.52)
(Tue Aug.10.2021) (23:05:02) - [DEBUG] - (1) - Week: ebay price 67.31 HIGHER (66.63)
(Tue Aug.10.2021) (23:13:44) - [DEBUG] - (1) - Day: aapl price 145.60 LOWER (145.85)
(Tue Aug.10.2021) (23:13:57) - [DEBUG] - (1) - Day: tsla price 709.99 LOWER (712.69)
(Tue Aug.10.2021) (23:14:08) - [DEBUG] - (1) - Day: intc price 53.94 LOWER (53.96)
(Tue Aug.10.2021) (23:14:19) - [DEBUG] - (1) - Day: fb price 361.13 LOWER (361.15)
(Tue Aug.10.2021) (23:14:42) - [DEBUG] - (1) - Day: nclh price 25.72 HIGHER (24.92)
(Tue Aug.10.2021) (23:14:42) - [DEBUG] - (1) - Week: nclh price 25.72 HIGHER (25.62)
(Tue Aug.10.2021) (23:15:06) - [DEBUG] - (1) - Day: t price 28.10 HIGHER (27.89)
(Tue Aug.10.2021) (23:15:06) - [DEBUG] - (1) - Week: t price 28.10 HIGHER (27.95)
(Tue Aug.10.2021) (23:15:17) - [DEBUG] - (1) - Day: ebay price 67.31 HIGHER (65.52)
(Tue Aug.10.2021) (23:15:17) - [DEBUG] - (1) - Week: ebay price 67.31 HIGHER (66.63)
(Tue Aug.10.2021) (23:23:59) - [DEBUG] - (1) - Day: aapl price 145.60 LOWER (145.85)
(Tue Aug.10.2021) (23:24:10) - [DEBUG] - (1) - Day: tsla price 709.99 LOWER (712.69)
(Tue Aug.10.2021) (23:24:22) - [DEBUG] - (1) - Day: intc price 53.94 LOWER (53.96)
(Tue Aug.10.2021) (23:24:33) - [DEBUG] - (1) - Day: fb price 361.13 LOWER (361.15)
(Tue Aug.10.2021) (23:24:56) - [DEBUG] - (1) - Day: nclh price 25.82 HIGHER (24.92)
(Tue Aug.10.2021) (23:24:56) - [DEBUG] - (1) - Week: nclh price 25.82 HIGHER (25.62)
(Tue Aug.10.2021) (23:25:19) - [DEBUG] - (1) - Day: t price 28.09 HIGHER (27.89)
(Tue Aug.10.2021) (23:25:19) - [DEBUG] - (1) - Week: t price 28.09 HIGHER (27.95)
(Tue Aug.10.2021) (23:25:30) - [DEBUG] - (1) - Day: ebay price 67.31 HIGHER (65.52)
(Tue Aug.10.2021) (23:25:30) - [DEBUG] - (1) - Week: ebay price 67.31 HIGHER (66.63)
(Tue Aug.10.2021) (23:34:12) - [DEBUG] - (1) - Day: aapl price 145.60 LOWER (145.85)
(Tue Aug.10.2021) (23:34:23) - [DEBUG] - (1) - Day: tsla price 709.99 LOWER (712.69)
(Tue Aug.10.2021) (23:34:34) - [DEBUG] - (1) - Day: intc price 53.94 LOWER (53.96)
(Tue Aug.10.2021) (23:34:46) - [DEBUG] - (1) - Day: fb price 361.13 LOWER (361.15)
(Tue Aug.10.2021) (23:35:09) - [DEBUG] - (1) - Day: nclh price 25.82 HIGHER (24.92)
(Tue Aug.10.2021) (23:35:09) - [DEBUG] - (1) - Week: nclh price 25.82 HIGHER (25.62)
(Tue Aug.10.2021) (23:35:32) - [DEBUG] - (1) - Day: t price 28.09 HIGHER (27.89)
(Tue Aug.10.2021) (23:35:32) - [DEBUG] - (1) - Week: t price 28.09 HIGHER (27.95)
(Tue Aug.10.2021) (23:35:43) - [DEBUG] - (1) - Day: ebay price 67.31 HIGHER (65.52)
(Tue Aug.10.2021) (23:35:43) - [DEBUG] - (1) - Week: ebay price 67.31 HIGHER (66.63)
(Tue Aug.10.2021) (23:44:24) - [DEBUG] - (1) - Day: aapl price 145.60 LOWER (145.85)
(Tue Aug.10.2021) (23:44:35) - [DEBUG] - (1) - Day: tsla price 709.99 LOWER (712.69)
(Tue Aug.10.2021) (23:44:47) - [DEBUG] - (1) - Day: intc price 53.94 LOWER (53.96)
(Tue Aug.10.2021) (23:44:58) - [DEBUG] - (1) - Day: fb price 361.13 LOWER (361.15)
(Tue Aug.10.2021) (23:45:21) - [DEBUG] - (1) - Day: nclh price 25.82 HIGHER (24.92)
(Tue Aug.10.2021) (23:45:21) - [DEBUG] - (1) - Week: nclh price 25.82 HIGHER (25.62)
(Tue Aug.10.2021) (23:45:44) - [DEBUG] - (1) - Day: t price 28.09 HIGHER (27.89)
(Tue Aug.10.2021) (23:45:44) - [DEBUG] - (1) - Week: t price 28.09 HIGHER (27.95)
(Tue Aug.10.2021) (23:45:55) - [DEBUG] - (1) - Day: ebay price 67.31 HIGHER (65.52)
(Tue Aug.10.2021) (23:45:55) - [DEBUG] - (1) - Week: ebay price 67.31 HIGHER (66.63)
